Start testing: Apr 04 12:15 CEST
----------------------------------------------------------
1/1 Testing: Italian-syllabification
1/1 Test: Italian-syllabification
Command: "/home/matteo/Scrivania/Despeect-ProductBaseline/SpeectInstaller/sources/speect/tests/syll_test.test" "/home/matteo/Scrivania/Despeect-ProductBaseline/SpeectInstaller/sources/speect/tests/configurations/it-sample/voice.json" "/home/matteo/Scrivania/Despeect-ProductBaseline/SpeectInstaller/builds/x86_64-Linux/Speect" "/home/matteo/Scrivania/Despeect-ProductBaseline/SpeectInstaller/builds/x86_64-Linux/Speect/tests/syll_test/it-sample"
Directory: /home/matteo/Scrivania/Despeect-ProductBaseline/SpeectInstaller/builds/x86_64-Linux/Speect/tests
"Italian-syllabification" start time: Apr 04 12:15 CEST
Output:
----------------------------------------------------------
1..1
/home/matteo/Scrivania/Despeect-ProductBaseline/SpeectInstaller/sources/speect/tests/syll_test.test: 1: /home/matteo/Scrivania/Despeect-ProductBaseline/SpeectInstaller/sources/speect/tests/syll_test.test: syll_test: not found
<end of output>
Test time =   0.00 sec
----------------------------------------------------------
Test Failed.
"Italian-syllabification" end time: Apr 04 12:15 CEST
"Italian-syllabification" time elapsed: 00:00:00
----------------------------------------------------------

End testing: Apr 04 12:15 CEST
